c:\users\natalie\source\repos\pokeplusplus\pokeplusplus\debug\vc141.pdb
c:\users\natalie\source\repos\pokeplusplus\pokeplusplus\debug\vc141.idb
c:\users\natalie\source\repos\pokeplusplus\pokeplusplus\debug\main.obj
c:\users\natalie\source\repos\pokeplusplus\pokeplusplus\debug\intro.obj
c:\users\natalie\source\repos\pokeplusplus\pokeplusplus\debug\character.obj
c:\users\natalie\source\repos\pokeplusplus\pokeplusplus\debug\animation.obj
c:\users\natalie\source\repos\pokeplusplus\pokeplusplus\debug\state.obj
c:\users\natalie\source\repos\pokeplusplus\pokeplusplus\debug\game.obj
c:\users\natalie\source\repos\pokeplusplus\pokeplusplus\debug\entity.obj
c:\users\natalie\source\repos\pokeplusplus\pokeplusplus\debug\gamestate.obj
c:\users\natalie\source\repos\pokeplusplus\pokeplusplus\debug\mainmenustate.obj
c:\users\natalie\source\repos\pokeplusplus\pokeplusplus\debug\button.obj
c:\users\natalie\source\repos\pokeplusplus\pokeplusplus\debug\player.obj
c:\users\natalie\source\repos\pokeplusplus\pokeplusplus\debug\movementcomponent.obj
c:\users\natalie\source\repos\pokeplusplus\debug\pokeplusplus.exe
c:\users\natalie\source\repos\pokeplusplus\debug\pokeplusplus.ilk
c:\users\natalie\source\repos\pokeplusplus\debug\pokeplusplus.pdb
c:\users\natalie\source\repos\pokeplusplus\pokeplusplus\debug\main.obj.enc
c:\users\natalie\source\repos\pokeplusplus\pokeplusplus\debug\player.obj.enc
c:\users\natalie\source\repos\pokeplusplus\pokeplusplus\debug\pokeplusplus.tlog\cl.command.1.tlog
c:\users\natalie\source\repos\pokeplusplus\pokeplusplus\debug\pokeplusplus.tlog\cl.read.1.tlog
c:\users\natalie\source\repos\pokeplusplus\pokeplusplus\debug\pokeplusplus.tlog\cl.write.1.tlog
c:\users\natalie\source\repos\pokeplusplus\pokeplusplus\debug\pokeplusplus.tlog\link.command.1.tlog
c:\users\natalie\source\repos\pokeplusplus\pokeplusplus\debug\pokeplusplus.tlog\link.read.1.tlog
c:\users\natalie\source\repos\pokeplusplus\pokeplusplus\debug\pokeplusplus.tlog\link.write.1.tlog
